<?xml version="1.0" encoding="UTF-8"?>
<!-- Generated by org.testng.reporters.JUnitReportReporter -->
<testsuite skipped="0" hostname="DESKTOP-46E6TOF" name="DifferentWayToPostReq.createProjectWithJSONObject" tests="1" failures="0" timestamp="2022-08-09T12:28:21 IST" time="2.293" errors="0">
  <testcase name="CreateProject" time="2.293" classname="DifferentWayToPostReq.createProjectWithJSONObject"/>
  <system-out/>
</testsuite> <!-- DifferentWayToPostReq.createProjectWithJSONObject -->
