<?xml version="1.0" encoding="UTF-8"?>
<!-- Generated by org.testng.reporters.JUnitReportReporter -->
<testsuite skipped="0" hostname="DESKTOP-46E6TOF" name="basicCRUDoperation.UpdateProjectTest" tests="1" failures="0" timestamp="2022-08-08T11:42:44 IST" time="1.584" errors="0">
  <testcase name="upapdatProject" time="1.584" classname="basicCRUDoperation.UpdateProjectTest"/>
  <system-out/>
</testsuite> <!-- basicCRUDoperation.UpdateProjectTest -->
