<?xml version="1.0" encoding="UTF-8"?>
<!-- Generated by org.testng.reporters.JUnitReportReporter -->
<testsuite skipped="0" hostname="DESKTOP-46E6TOF" name="RequestChainingForRestAssured.CreateProjectAndGetProjectDeleteProject" tests="1" failures="0" timestamp="2022-08-10T14:14:06 IST" time="2.046" errors="0">
  <testcase name="requestChaining1" time="2.046" classname="RequestChainingForRestAssured.CreateProjectAndGetProjectDeleteProject"/>
  <system-out/>
</testsuite> <!-- RequestChainingForRestAssured.CreateProjectAndGetProjectDeleteProject -->
