<?xml version="1.0" encoding="UTF-8"?>
<!-- Generated by org.testng.reporters.JUnitReportReporter -->
<testsuite skipped="0" hostname="DESKTOP-46E6TOF" name="SerializationAndDeserialization.DeserializationEmployeeWithSpouse" tests="1" failures="0" timestamp="2022-07-28T23:28:07 IST" time="0.117" errors="0">
  <testcase name="deserializeEmpwithspouse" time="0.117" classname="SerializationAndDeserialization.DeserializationEmployeeWithSpouse"/>
  <system-out/>
</testsuite> <!-- SerializationAndDeserialization.DeserializationEmployeeWithSpouse -->
