<?xml version="1.0" encoding="UTF-8"?>
<!-- Generated by org.testng.reporters.JUnitReportReporter -->
<testsuite skipped="0" hostname="DESKTOP-46E6TOF" name="ResponseValidation.DynamicResponseValidation" tests="1" failures="0" timestamp="2022-08-09T21:57:50 IST" time="1.911" errors="0">
  <testcase name="dynamicResponse" time="1.911" classname="ResponseValidation.DynamicResponseValidation"/>
  <system-out/>
</testsuite> <!-- ResponseValidation.DynamicResponseValidation -->
