<?xml version="1.0" encoding="UTF-8"?>
<!-- Generated by org.testng.reporters.JUnitReportReporter -->
<testsuite skipped="0" hostname="DESKTOP-46E6TOF" name="basicCRUDoperation.GetAllProjectsTest" tests="1" failures="0" timestamp="2022-08-09T21:23:43 IST" time="2.561" errors="0">
  <testcase name="getAllproject" time="2.561" classname="basicCRUDoperation.GetAllProjectsTest"/>
  <system-out/>
</testsuite> <!-- basicCRUDoperation.GetAllProjectsTest -->
