<?xml version="1.0" encoding="UTF-8"?>
<!-- Generated by org.testng.reporters.JUnitReportReporter -->
<testsuite skipped="0" hostname="DESKTOP-46E6TOF" name="basicCrudWithBDD.PostCrratProjectTest" tests="1" failures="0" timestamp="2022-08-08T16:27:15 IST" time="1.829" errors="0">
  <testcase name="creatProject" time="1.829" classname="basicCrudWithBDD.PostCrratProjectTest"/>
  <system-out/>
</testsuite> <!-- basicCrudWithBDD.PostCrratProjectTest -->
