<?xml version="1.0" encoding="UTF-8"?>
<!-- Generated by org.testng.reporters.JUnitReportReporter -->
<testsuite skipped="0" hostname="DESKTOP-46E6TOF" name="basicCRUDoperation.CreatePojectTest" tests="1" failures="0" timestamp="2022-08-08T11:33:35 IST" time="1.753" errors="0">
  <testcase name="createprojectTest" time="1.753" classname="basicCRUDoperation.CreatePojectTest"/>
  <system-out/>
</testsuite> <!-- basicCRUDoperation.CreatePojectTest -->
