<?xml version="1.0" encoding="UTF-8"?>
<!-- Generated by org.testng.reporters.JUnitReportReporter -->
<testsuite skipped="0" hostname="DESKTOP-46E6TOF" name="basicCRUDoperation.CreatProjectWithExistingProjec" tests="1" failures="0" timestamp="2022-08-08T12:50:51 IST" time="1.533" errors="0">
  <testcase name="creatProjectWithExistingProjec" time="1.533" classname="basicCRUDoperation.CreatProjectWithExistingProjec"/>
  <system-out/>
</testsuite> <!-- basicCRUDoperation.CreatProjectWithExistingProjec -->
