<?xml version="1.0" encoding="UTF-8"?>
<!-- Generated by org.testng.reporters.JUnitReportReporter -->
<testsuite skipped="0" hostname="DESKTOP-46E6TOF" name="ParametersRestAssured.PathParameters" tests="1" failures="0" timestamp="2022-08-10T11:52:30 IST" time="1.605" errors="0">
  <testcase name="pathPara" time="1.605" classname="ParametersRestAssured.PathParameters"/>
  <system-out/>
</testsuite> <!-- ParametersRestAssured.PathParameters -->
