<?xml version="1.0" encoding="UTF-8"?>
<!-- Generated by org.testng.reporters.JUnitReportReporter -->
<testsuite skipped="0" hostname="DESKTOP-46E6TOF" name="AuthonticationUsingRestAssured.BasicAuth" tests="1" failures="0" timestamp="2022-08-10T14:21:08 IST" time="1.702" errors="0">
  <testcase name="BasicAu" time="1.702" classname="AuthonticationUsingRestAssured.BasicAuth"/>
  <system-out/>
</testsuite> <!-- AuthonticationUsingRestAssured.BasicAuth -->
