<?xml version="1.0" encoding="UTF-8"?>
<!-- Generated by org.testng.reporters.JUnitReportReporter -->
<testsuite skipped="0" hostname="DESKTOP-46E6TOF" name="AuthonticationUsingRestAssured.basicPreEmptiveAuthLikeBasicAuth" tests="1" failures="0" timestamp="2022-08-10T14:36:16 IST" time="1.594" errors="0">
  <testcase name="basicPreEmptiveAuth" time="1.594" classname="AuthonticationUsingRestAssured.basicPreEmptiveAuthLikeBasicAuth"/>
  <system-out/>
</testsuite> <!-- AuthonticationUsingRestAssured.basicPreEmptiveAuthLikeBasicAuth -->
