<?xml version="1.0" encoding="UTF-8"?>
<!-- Generated by org.testng.reporters.JUnitReportReporter -->
<testsuite skipped="0" hostname="DESKTOP-46E6TOF" name="SerializationAndDeserialization.serializationEmployeeUpdated" tests="1" failures="0" timestamp="2022-07-28T15:49:56 IST" time="0.134" errors="0">
  <testcase name="serializeEmpDetailsTest" time="0.134" classname="SerializationAndDeserialization.serializationEmployeeUpdated"/>
  <system-out/>
</testsuite> <!-- SerializationAndDeserialization.serializationEmployeeUpdated -->
