<?xml version="1.0" encoding="UTF-8"?>
<!-- Generated by org.testng.reporters.JUnitReportReporter -->
<testsuite skipped="0" hostname="DESKTOP-46E6TOF" name="AuthonticationUsingRestAssured.UsingBearerToken" tests="1" failures="0" timestamp="2022-08-10T15:27:02 IST" time="4.100" errors="0">
  <testcase name="UsingBearer" time="4.100" classname="AuthonticationUsingRestAssured.UsingBearerToken"/>
  <system-out/>
</testsuite> <!-- AuthonticationUsingRestAssured.UsingBearerToken -->
