<?xml version="1.0" encoding="UTF-8"?>
<!-- Generated by org.testng.reporters.JUnitReportReporter -->
<testsuite skipped="0" hostname="DESKTOP-46E6TOF" name="DifferentWayToPostReq.CreateProjectWithJSONFile" tests="1" failures="0" timestamp="2022-08-09T13:19:00 IST" time="1.711" errors="0">
  <testcase name="createProject" time="1.711" classname="DifferentWayToPostReq.CreateProjectWithJSONFile"/>
  <system-out/>
</testsuite> <!-- DifferentWayToPostReq.CreateProjectWithJSONFile -->
