<?xml version="1.0" encoding="UTF-8"?>
<!-- Generated by org.testng.reporters.JUnitReportReporter -->
<testsuite skipped="0" hostname="DESKTOP-46E6TOF" name="basicCRUDoperation.createtheprojectwithXMLFormate" tests="1" failures="0" timestamp="2022-08-08T13:47:10 IST" time="1.923" errors="0">
  <testcase name="createTheProjWithXML" time="1.923" classname="basicCRUDoperation.createtheprojectwithXMLFormate"/>
  <system-out/>
</testsuite> <!-- basicCRUDoperation.createtheprojectwithXMLFormate -->
