<?xml version="1.0" encoding="UTF-8"?>
<!-- Generated by org.testng.reporters.JUnitReportReporter -->
<testsuite skipped="0" hostname="DESKTOP-46E6TOF" name="RequestChainingForRestAssured.createUpdategetAndDelete" tests="1" failures="0" timestamp="2022-08-10T14:05:40 IST" time="2.276" errors="0">
  <testcase name="createUpdategetAndDelete" time="2.276" classname="RequestChainingForRestAssured.createUpdategetAndDelete"/>
  <system-out/>
</testsuite> <!-- RequestChainingForRestAssured.createUpdategetAndDelete -->
