<?xml version="1.0" encoding="UTF-8"?>
<!-- Generated by org.testng.reporters.JUnitReportReporter -->
<testsuite skipped="0" hostname="DESKTOP-46E6TOF" name="AuthonticationUsingRestAssured.basicDigestiveAuthSameAsBsicAuth" tests="1" failures="0" timestamp="2022-08-15T20:10:45 IST" time="2.200" errors="0">
  <testcase name="basicDigestiveAuth" time="2.200" classname="AuthonticationUsingRestAssured.basicDigestiveAuthSameAsBsicAuth"/>
  <system-out/>
</testsuite> <!-- AuthonticationUsingRestAssured.basicDigestiveAuthSameAsBsicAuth -->
