<?xml version="1.0" encoding="UTF-8"?>
<!-- Generated by org.testng.reporters.JUnitReportReporter -->
<testsuite skipped="0" hostname="DESKTOP-46E6TOF" name="basicCRUDoperation.updateProjectWithBDD" tests="1" failures="0" timestamp="2022-08-09T10:06:29 IST" time="2.000" errors="0">
  <testcase name="updateproject" time="2.000" classname="basicCRUDoperation.updateProjectWithBDD"/>
  <system-out/>
</testsuite> <!-- basicCRUDoperation.updateProjectWithBDD -->
