<?xml version="1.0" encoding="UTF-8"?>
<!-- Generated by org.testng.reporters.JUnitReportReporter -->
<testsuite skipped="0" hostname="DESKTOP-46E6TOF" name="basicCRUDoperation.createtheprojectwithTextFormate" tests="1" failures="0" timestamp="2022-08-08T13:04:20 IST" time="1.703" errors="0">
  <testcase name="CreatetheprojectwithTextFormate" time="1.703" classname="basicCRUDoperation.createtheprojectwithTextFormate"/>
  <system-out/>
</testsuite> <!-- basicCRUDoperation.createtheprojectwithTextFormate -->
