<?xml version="1.0" encoding="UTF-8"?>
<!-- Generated by org.testng.reporters.JUnitReportReporter -->
<testsuite skipped="0" hostname="DESKTOP-46E6TOF" name="ResponseValidation.StaticResponseValidation" tests="1" failures="0" timestamp="2022-08-09T21:42:35 IST" time="1.883" errors="0">
  <testcase name="staticResponseGet" time="1.883" classname="ResponseValidation.StaticResponseValidation"/>
  <system-out/>
</testsuite> <!-- ResponseValidation.StaticResponseValidation -->
