<?xml version="1.0" encoding="UTF-8"?>
<!-- Generated by org.testng.reporters.JUnitReportReporter -->
<testsuite skipped="0" hostname="DESKTOP-46E6TOF" name="ResponseValidation.ResponseTimeValidation" tests="1" failures="0" timestamp="2022-08-09T22:11:59 IST" time="1.407" errors="0">
  <testcase name="responseTimeVAlidation" time="1.407" classname="ResponseValidation.ResponseTimeValidation"/>
  <system-out/>
</testsuite> <!-- ResponseValidation.ResponseTimeValidation -->
