<?xml version="1.0" encoding="UTF-8"?>
<!-- Generated by org.testng.reporters.JUnitReportReporter -->
<testsuite skipped="0" hostname="DESKTOP-46E6TOF" name="basicCRUDoperation.GetLoginRMGYantrawithAuth" tests="1" failures="0" timestamp="2022-08-08T15:40:49 IST" time="1.718" errors="0">
  <testcase name="getLoginrMGYantraAuth" time="1.718" classname="basicCRUDoperation.GetLoginRMGYantrawithAuth"/>
  <system-out/>
</testsuite> <!-- basicCRUDoperation.GetLoginRMGYantrawithAuth -->
