<?xml version="1.0" encoding="UTF-8"?>
<!-- Generated by org.testng.reporters.JUnitReportReporter -->
<testsuite skipped="0" hostname="DESKTOP-46E6TOF" name="basicCRUDoperation.LoginRMGYantrawithoutAuthenticati" tests="1" failures="0" timestamp="2022-08-08T12:25:45 IST" time="1.538" errors="0">
  <testcase name="loginRmgYantrawithoutAuthentication" time="1.538" classname="basicCRUDoperation.LoginRMGYantrawithoutAuthenticati"/>
  <system-out/>
</testsuite> <!-- basicCRUDoperation.LoginRMGYantrawithoutAuthenticati -->
