<?xml version="1.0" encoding="UTF-8"?>
<!-- Generated by org.testng.reporters.JUnitReportReporter -->
<testsuite skipped="0" hostname="DESKTOP-46E6TOF" name="AuthonticationUsingRestAssured.Oauth2_o" tests="1" failures="0" timestamp="2022-08-10T16:12:34 IST" time="3.373" errors="0">
  <testcase name="Oauth2_o" time="3.373" classname="AuthonticationUsingRestAssured.Oauth2_o"/>
  <system-out/>
</testsuite> <!-- AuthonticationUsingRestAssured.Oauth2_o -->
