<?xml version="1.0" encoding="UTF-8"?>
<!-- Generated by org.testng.reporters.JUnitReportReporter -->
<testsuite skipped="0" hostname="DESKTOP-46E6TOF" name="SerializationAndDeserialization.SerializationEmployeeDetails" tests="1" failures="0" timestamp="2022-07-28T13:33:18 IST" time="0.181" errors="0">
  <testcase name="serializeEmpDetailsTest" time="0.181" classname="SerializationAndDeserialization.SerializationEmployeeDetails"/>
  <system-out/>
</testsuite> <!-- SerializationAndDeserialization.SerializationEmployeeDetails -->
