<?xml version="1.0" encoding="UTF-8"?>
<!-- Generated by org.testng.reporters.JUnitReportReporter -->
<testsuite skipped="0" hostname="DESKTOP-46E6TOF" name="SerializationAndDeserialization.SerializationDetailswithSpouse" tests="1" failures="0" timestamp="2022-07-28T16:48:47 IST" time="0.146" errors="0">
  <testcase name="serializationEmpDetaail" time="0.146" classname="SerializationAndDeserialization.SerializationDetailswithSpouse"/>
  <system-out/>
</testsuite> <!-- SerializationAndDeserialization.SerializationDetailswithSpouse -->
