<?xml version="1.0" encoding="UTF-8"?>
<!-- Generated by org.testng.reporters.JUnitReportReporter -->
<testsuite skipped="0" hostname="DESKTOP-46E6TOF" name="TaskF.createprojectAndVerifyInthprojectInDataBase" tests="1" failures="0" timestamp="2022-08-11T11:29:19 IST" time="2.771" errors="0">
  <testcase name="CreateAndVerifyProjectInData" time="2.771" classname="TaskF.createprojectAndVerifyInthprojectInDataBase"/>
  <system-out>
    <![CDATA[TY_PROJ_1802]]>
  </system-out>
</testsuite> <!-- TaskF.createprojectAndVerifyInthprojectInDataBase -->
