<?xml version="1.0" encoding="UTF-8"?>
<!-- Generated by org.testng.reporters.JUnitReportReporter -->
<testsuite skipped="0" hostname="DESKTOP-46E6TOF" name="SerializationAndDeserialization.DeserializationEmployeeDetail" tests="1" failures="0" timestamp="2022-07-28T15:15:19 IST" time="0.164" errors="0">
  <testcase name="deserializeEmpDetails" time="0.164" classname="SerializationAndDeserialization.DeserializationEmployeeDetail"/>
  <system-out/>
</testsuite> <!-- SerializationAndDeserialization.DeserializationEmployeeDetail -->
