<?xml version="1.0" encoding="UTF-8"?>
<!-- Generated by org.testng.reporters.JUnitReportReporter -->
<testsuite skipped="0" hostname="DESKTOP-46E6TOF" name="basicCrudWithBDD.GetAllProjectWithBDD" tests="1" failures="0" timestamp="2022-08-08T17:17:38 IST" time="1.469" errors="0">
  <testcase name="getProjectBDD" time="1.469" classname="basicCrudWithBDD.GetAllProjectWithBDD"/>
  <system-out/>
</testsuite> <!-- basicCrudWithBDD.GetAllProjectWithBDD -->
