<?xml version="1.0" encoding="UTF-8"?>
<!-- Generated by org.testng.reporters.JUnitReportReporter -->
<testsuite skipped="0" hostname="DESKTOP-46E6TOF" name="basicCRUDoperation.crttheproctkeyValuePairwithFormData" tests="1" failures="0" timestamp="2022-08-08T14:07:27 IST" time="1.473" errors="0">
  <testcase name="createtheprojectwithkeyValuePairformdata" time="1.473" classname="basicCRUDoperation.crttheproctkeyValuePairwithFormData"/>
  <system-out/>
</testsuite> <!-- basicCRUDoperation.crttheproctkeyValuePairwithFormData -->
