<?xml version="1.0" encoding="UTF-8"?>
<!-- Generated by org.testng.reporters.JUnitReportReporter -->
<testsuite skipped="0" hostname="DESKTOP-46E6TOF" name="DifferentWayToPostReq.CreateProjectwithHashMap" tests="1" failures="0" timestamp="2022-08-09T12:32:55 IST" time="1.705" errors="0">
  <testcase name="createProject" time="1.705" classname="DifferentWayToPostReq.CreateProjectwithHashMap"/>
  <system-out/>
</testsuite> <!-- DifferentWayToPostReq.CreateProjectwithHashMap -->
