<?xml version="1.0" encoding="UTF-8"?>
<!-- Generated by org.testng.reporters.JUnitReportReporter -->
<testsuite skipped="0" hostname="DESKTOP-46E6TOF" name="AuthonticationUsingRestAssured.basicDigestiveAuthSameAsBsicAuth" tests="1" failures="0" timestamp="2022-08-10T14:39:40 IST" time="1.560" errors="0">
  <testcase name="basicDigestiveAuth" time="1.560" classname="AuthonticationUsingRestAssured.basicDigestiveAuthSameAsBsicAuth"/>
  <system-out/>
</testsuite> <!-- AuthonticationUsingRestAssured.basicDigestiveAuthSameAsBsicAuth -->
