<?xml version="1.0" encoding="UTF-8"?>
<!-- Generated by org.testng.reporters.JUnitReportReporter -->
<testsuite skipped="0" hostname="DESKTOP-46E6TOF" name="DifferentWayToPostReq.CreateProjectWithPOJO" tests="1" failures="0" timestamp="2022-08-09T13:05:07 IST" time="1.657" errors="0">
  <testcase name="creatProject" time="1.657" classname="DifferentWayToPostReq.CreateProjectWithPOJO"/>
  <system-out/>
</testsuite> <!-- DifferentWayToPostReq.CreateProjectWithPOJO -->
