<?xml version="1.0" encoding="UTF-8"?>
<!-- Generated by org.testng.reporters.JUnitReportReporter -->
<testsuite skipped="0" hostname="DESKTOP-46E6TOF" name="ParametersRestAssured.postWithFormParameterRestAssured" tests="1" failures="0" timestamp="2022-08-10T12:10:52 IST" time="1.599" errors="0">
  <testcase name="postrequst" time="1.599" classname="ParametersRestAssured.postWithFormParameterRestAssured"/>
  <system-out/>
</testsuite> <!-- ParametersRestAssured.postWithFormParameterRestAssured -->
